000000000000000000000000000000000000000000000000000000000000000000000000000000000
010010010010010010010010010010010010010010010010010010010010010010010010010010010
000000000000000000000000000000000000000000000000000000000000000000000000000000000
000111000000111000000111000000111000000111000000111000000111000000111000000111000
010111010010111010010111010010111010010111010010111010010111010010111010010111010
000111000000111000000111000000111000000111000000111000000111000000111000000111000
000000000000000000000000000000000000000000000000000000000000000000000000000000000
010010010010010010010010010010010010010010010010010010010010010010010010010010010
000000000000000000000000000000000000000000000000000000000000000000000000000000000
000000000111111111000000000000000000111111111000000000000000000111111111000000000
010010010111111111010010010010010010111111111010010010010010010111111111010010010
000000000111111111000000000000000000111111111000000000000000000111111111000000000
000111000111111111000111000000111000111111111000111000000111000111111111000111000
010111010111111111010111010010111010111111111010111010010111010111111111010111010
000111000111111111000111000000111000111111111000111000000111000111111111000111000
000000000111111111000000000000000000111111111000000000000000000111111111000000000
010010010111111111010010010010010010111111111010010010010010010111111111010010010
000000000111111111000000000000000000111111111000000000000000000111111111000000000
000000000000000000000000000000000000000000000000000000000000000000000000000000000
010010010010010010010010010010010010010010010010010010010010010010010010010010010
000000000000000000000000000000000000000000000000000000000000000000000000000000000
000111000000111000000111000000111000000111000000111000000111000000111000000111000
010111010010111010010111010010111010010111010010111010010111010010111010010111010
000111000000111000000111000000111000000111000000111000000111000000111000000111000
000000000000000000000000000000000000000000000000000000000000000000000000000000000
010010010010010010010010010010010010010010010010010010010010010010010010010010010
000000000000000000000000000000000000000000000000000000000000000000000000000000000
000000000000000000000000000111111111111111111111111111000000000000000000000000000
010010010010010010010010010111111111111111111111111111010010010010010010010010010
000000000000000000000000000111111111111111111111111111000000000000000000000000000
000111000000111000000111000111111111111111111111111111000111000000111000000111000
010111010010111010010111010111111111111111111111111111010111010010111010010111010
000111000000111000000111000111111111111111111111111111000111000000111000000111000
000000000000000000000000000111111111111111111111111111000000000000000000000000000
010010010010010010010010010111111111111111111111111111010010010010010010010010010
000000000000000000000000000111111111111111111111111111000000000000000000000000000
000000000111111111000000000111111111111111111111111111000000000111111111000000000
010010010111111111010010010111111111111111111111111111010010010111111111010010010
000000000111111111000000000111111111111111111111111111000000000111111111000000000
000111000111111111000111000111111111111111111111111111000111000111111111000111000
010111010111111111010111010111111111111111111111111111010111010111111111010111010
000111000111111111000111000111111111111111111111111111000111000111111111000111000
000000000111111111000000000111111111111111111111111111000000000111111111000000000
010010010111111111010010010111111111111111111111111111010010010111111111010010010
000000000111111111000000000111111111111111111111111111000000000111111111000000000
000000000000000000000000000111111111111111111111111111000000000000000000000000000
010010010010010010010010010111111111111111111111111111010010010010010010010010010
000000000000000000000000000111111111111111111111111111000000000000000000000000000
000111000000111000000111000111111111111111111111111111000111000000111000000111000
010111010010111010010111010111111111111111111111111111010111010010111010010111010
000111000000111000000111000111111111111111111111111111000111000000111000000111000
000000000000000000000000000111111111111111111111111111000000000000000000000000000
010010010010010010010010010111111111111111111111111111010010010010010010010010010
000000000000000000000000000111111111111111111111111111000000000000000000000000000
000000000000000000000000000000000000000000000000000000000000000000000000000000000
010010010010010010010010010010010010010010010010010010010010010010010010010010010
000000000000000000000000000000000000000000000000000000000000000000000000000000000
000111000000111000000111000000111000000111000000111000000111000000111000000111000
010111010010111010010111010010111010010111010010111010010111010010111010010111010
000111000000111000000111000000111000000111000000111000000111000000111000000111000
000000000000000000000000000000000000000000000000000000000000000000000000000000000
010010010010010010010010010010010010010010010010010010010010010010010010010010010
000000000000000000000000000000000000000000000000000000000000000000000000000000000
000000000111111111000000000000000000111111111000000000000000000111111111000000000
010010010111111111010010010010010010111111111010010010010010010111111111010010010
000000000111111111000000000000000000111111111000000000000000000111111111000000000
000111000111111111000111000000111000111111111000111000000111000111111111000111000
010111010111111111010111010010111010111111111010111010010111010111111111010111010
000111000111111111000111000000111000111111111000111000000111000111111111000111000
000000000111111111000000000000000000111111111000000000000000000111111111000000000
010010010111111111010010010010010010111111111010010010010010010111111111010010010
000000000111111111000000000000000000111111111000000000000000000111111111000000000
000000000000000000000000000000000000000000000000000000000000000000000000000000000
010010010010010010010010010010010010010010010010010010010010010010010010010010010
000000000000000000000000000000000000000000000000000000000000000000000000000000000
000111000000111000000111000000111000000111000000111000000111000000111000000111000
010111010010111010010111010010111010010111010010111010010111010010111010010111010
000111000000111000000111000000111000000111000000111000000111000000111000000111000
000000000000000000000000000000000000000000000000000000000000000000000000000000000
010010010010010010010010010010010010010010010010010010010010010010010010010010010
000000000000000000000000000000000000000000000000000000000000000000000000000000000

