c:\users\anonymousclass\workfolder\git\university-challenges\asd\laborator\l2\tema_5_6\tema_5_6\debug\vc142.pdb
c:\users\anonymousclass\workfolder\git\university-challenges\asd\laborator\l2\tema_5_6\tema_5_6\debug\vc142.idb
c:\users\anonymousclass\workfolder\git\university-challenges\asd\laborator\l2\tema_5_6\tema_5_6\debug\tema_5_6.obj
c:\users\anonymousclass\workfolder\git\university-challenges\asd\laborator\l2\tema_5_6\tema_5_6\debug\simplenode.obj
c:\users\anonymousclass\workfolder\git\university-challenges\asd\laborator\l2\tema_5_6\tema_5_6\debug\simplelist.obj
c:\users\anonymousclass\workfolder\git\university-challenges\asd\laborator\l2\tema_5_6\tema_5_6\debug\readable_i.obj
c:\users\anonymousclass\workfolder\git\university-challenges\asd\laborator\l2\tema_5_6\tema_5_6\debug\printable_i.obj
c:\users\anonymousclass\workfolder\git\university-challenges\asd\laborator\l2\tema_5_6\tema_5_6\debug\io_i.obj
c:\users\anonymousclass\workfolder\git\university-challenges\asd\laborator\l2\tema_5_6\tema_5_6\debug\list.obj
c:\users\anonymousclass\workfolder\git\university-challenges\asd\laborator\l2\tema_5_6\tema_5_6\debug\orderedlist.obj
c:\users\anonymousclass\workfolder\git\university-challenges\asd\laborator\l2\tema_5_6\tema_5_6\debug\calclist.obj
c:\users\anonymousclass\workfolder\git\university-challenges\asd\laborator\l2\tema_5_6\tema_5_6\debug\bignumber.obj
c:\users\anonymousclass\workfolder\git\university-challenges\asd\laborator\l2\tema_5_6\tema_5_6\debug\polinom.obj
c:\users\anonymousclass\workfolder\git\university-challenges\asd\laborator\l2\tema_5_6\tema_5_6\debug\tema_5_6.res
c:\users\anonymousclass\workfolder\git\university-challenges\asd\laborator\l2\tema_5_6\debug\tema_5_6.pdb
c:\users\anonymousclass\workfolder\git\university-challenges\asd\laborator\l2\tema_5_6\tema_5_6\debug\tema_5_6.tlog\cl.command.1.tlog
c:\users\anonymousclass\workfolder\git\university-challenges\asd\laborator\l2\tema_5_6\tema_5_6\debug\tema_5_6.tlog\cl.read.1.tlog
c:\users\anonymousclass\workfolder\git\university-challenges\asd\laborator\l2\tema_5_6\tema_5_6\debug\tema_5_6.tlog\cl.write.1.tlog
c:\users\anonymousclass\workfolder\git\university-challenges\asd\laborator\l2\tema_5_6\tema_5_6\debug\tema_5_6.tlog\link.command.1.tlog
c:\users\anonymousclass\workfolder\git\university-challenges\asd\laborator\l2\tema_5_6\tema_5_6\debug\tema_5_6.tlog\link.read.1.tlog
c:\users\anonymousclass\workfolder\git\university-challenges\asd\laborator\l2\tema_5_6\tema_5_6\debug\tema_5_6.tlog\link.write.1.tlog
c:\users\anonymousclass\workfolder\git\university-challenges\asd\laborator\l2\tema_5_6\tema_5_6\debug\tema_5_6.tlog\rc.command.1.tlog
c:\users\anonymousclass\workfolder\git\university-challenges\asd\laborator\l2\tema_5_6\tema_5_6\debug\tema_5_6.tlog\rc.read.1.tlog
c:\users\anonymousclass\workfolder\git\university-challenges\asd\laborator\l2\tema_5_6\tema_5_6\debug\tema_5_6.tlog\rc.write.1.tlog
